Arguments: 
  C:\Program Files\nodejs\node.exe C:\Users\HP\AppData\Roaming\npm\node_modules\yarn\bin\yarn.js add react-native-modal-datetime-picker

PATH: 
  C:\Python27\;C:\Python27\Scripts;C:\Program Files\Python37-32\Scripts\;C:\Program Files\Python37-32\;C:\Windows\system32;C:\Windows;C:\Windows\System32\Wbem;C:\Windows\System32\WindowsPowerShell\v1.0\;C:\Program Files\Python37-32\Scripts;C:\Program Files\Git\cmd;C:\Program Files\Microsoft VS Code\bin;C:\Program Files\GtkSharp\2.12\bin;C:\ProgramData\chocolatey\bin;C:\Program Files\nodejs\;C:\Users\HP\AppData\Roaming\npm;C:\Users\HP\AppData\Roaming\npm;C:\Program Files\Common Files\Ahead\Lib\

Yarn version: 
  1.19.1

Node version: 
  10.16.3

Platform: 
  win32 ia32

Trace: 
  Error: https://registry.yarnpkg.com/react-native-community%2freact-native-linear-gradient: Request "https://registry.yarnpkg.com/react-native-community%2freact-native-linear-gradient" returned a 405
      at Request.params.callback [as _callback] (C:\Users\HP\AppData\Roaming\npm\node_modules\yarn\lib\cli.js:66935:18)
      at Request.self.callback (C:\Users\HP\AppData\Roaming\npm\node_modules\yarn\lib\cli.js:140564:22)
      at Request.emit (events.js:198:13)
      at Request.<anonymous> (C:\Users\HP\AppData\Roaming\npm\node_modules\yarn\lib\cli.js:141536:10)
      at Request.emit (events.js:198:13)
      at IncomingMessage.<anonymous> (C:\Users\HP\AppData\Roaming\npm\node_modules\yarn\lib\cli.js:141458:12)
      at Object.onceWrapper (events.js:286:20)
      at IncomingMessage.emit (events.js:203:15)
      at endReadableNT (_stream_readable.js:1145:12)
      at process._tickCallback (internal/process/next_tick.js:63:19)

npm manifest: 
  {
    "main": "node_modules/expo/AppEntry.js",
    "scripts": {
      "start": "expo start",
      "android": "expo start --android",
      "ios": "expo start --ios",
      "web": "expo start --web",
      "eject": "expo eject"
    },
    "dependencies": {
      "expo": "^35.0.0",
      "expo-cli": "^3.4.1",
      "firebase": "^7.3.0",
      "grpc": "^1.16.1",
      "react": "16.8.3",
      "react-dom": "16.8.3",
      "react-native": "0.59.8",
      "react-native-animatable": "^1.3.2",
      "react-native-card-view": "0.0.3",
      "react-native-community/react-native-linear-gradient": "^2.5.6",
      "react-native-custom-keyboard-kit": "^1.0.2",
      "react-native-date-picker": "^2.7.0",
      "react-native-elements": "^1.2.0",
      "react-native-gesture-handler": "^1.4.1",
      "react-native-linear-gradient": "^2.5.6",
      "react-native-material-menu": "^1.0.0",
      "react-native-modal": "^11.4.0",
      "react-native-modalbox": "^2.0.0",
      "react-native-modalize": "^1.2.1",
      "react-native-text-input-mask": "^1.0.6",
      "react-native-vector-icons": "^6.6.0",
      "react-native-web": "^0.11.7",
      "react-navigation": "^4.0.10",
      "react-navigation-stack": "^1.9.3"
    },
    "devDependencies": {
      "babel-preset-expo": "^7.0.0"
    },
    "private": true
  }

yarn manifest: 
  No manifest

Lockfile: 
  No lockfile
